# JRE version: OpenJDK Runtime Environment (8.0_202-b03) (build 1.8.0_202-release-1483-b03)
# Java VM: OpenJDK 64-Bit Server VM (25.202-b03 mixed mode windows-amd64 compressed oops)
Heap:
 PSYoungGen      total 160768K, used 63527K [0x000000078b300000, 0x0000000798580000, 0x00000007c0000000)
  eden space 146432K, 33% used [0x000000078b300000,0x000000078e30f5e0,0x0000000794200000)
  from space 14336K, 99% used [0x0000000794200000,0x0000000794ffa7c0,0x0000000795000000)
  to   space 19456K, 0% used [0x0000000797280000,0x0000000797280000,0x0000000798580000)
 ParOldGen       total 80896K, used 29822K [0x0000000721800000, 0x0000000726700000, 0x000000078b300000)
  object space 80896K, 36% used [0x0000000721800000,0x000000072351f840,0x0000000726700000)
 Metaspace       used 54160K, capacity 56224K, committed 56360K, reserved 1097728K
  class space    used 7370K, capacity 7859K, committed 7976K, reserved 1048576K
GC Heap History (10 events):
Event: 30.455 GC heap before
{Heap before GC invocations=9 (full 1):
 PSYoungGen      total 73728K, used 70302K [0x000000078b300000, 0x0000000793100000, 0x00000007c0000000)
  eden space 62976K, 100% used [0x000000078b300000,0x000000078f080000,0x000000078f080000)
  from space 10752K, 68% used [0x000000078f080000,0x000000078f7a7b08,0x000000078fb00000)
  to   space 10752K, 0% used [0x0000000792680000,0x0000000792680000,0x0000000793100000)
 ParOldGen       total 54272K, used 9530K [0x0000000721800000, 0x0000000724d00000, 0x000000078b300000)
  object space 54272K, 17% used [0x0000000721800000,0x000000072214e910,0x0000000724d00000)
 Metaspace       used 31791K, capacity 32392K, committed 32640K, reserved 1077248K
  class space    used 4430K, capacity 4629K, committed 4736K, reserved 1048576K
Event: 30.492 GC heap after
Heap after GC invocations=9 (full 1):
 PSYoungGen      total 116224K, used 9534K [0x000000078b300000, 0x0000000793080000, 0x00000007c0000000)
  eden space 105984K, 0% used [0x000000078b300000,0x000000078b300000,0x0000000791a80000)
  from space 10240K, 93% used [0x0000000792680000,0x0000000792fcfa10,0x0000000793080000)
  to   space 11264K, 0% used [0x0000000791a80000,0x0000000791a80000,0x0000000792580000)
 ParOldGen       total 54272K, used 9538K [0x0000000721800000, 0x0000000724d00000, 0x000000078b300000)
  object space 54272K, 17% used [0x0000000721800000,0x0000000722150910,0x0000000724d00000)
 Metaspace       used 31791K, capacity 32392K, committed 32640K, reserved 1077248K
  class space    used 4430K, capacity 4629K, committed 4736K, reserved 1048576K
}
Event: 32.106 GC heap before
{Heap before GC invocations=10 (full 1):
 PSYoungGen      total 116224K, used 58215K [0x000000078b300000, 0x0000000793080000, 0x00000007c0000000)
  eden space 105984K, 45% used [0x000000078b300000,0x000000078e28a410,0x0000000791a80000)
  from space 10240K, 93% used [0x0000000792680000,0x0000000792fcfa10,0x0000000793080000)
  to   space 11264K, 0% used [0x0000000791a80000,0x0000000791a80000,0x0000000792580000)
 ParOldGen       total 54272K, used 9538K [0x0000000721800000, 0x0000000724d00000, 0x000000078b300000)
  object space 54272K, 17% used [0x0000000721800000,0x0000000722150910,0x0000000724d00000)
 Metaspace       used 34436K, capacity 35464K, committed 35496K, reserved 1079296K
  class space    used 4751K, capacity 5018K, committed 5032K, reserved 1048576K
Event: 32.139 GC heap after
Heap after GC invocations=10 (full 1):
 PSYoungGen      total 117248K, used 10247K [0x000000078b300000, 0x0000000795e00000, 0x00000007c0000000)
  eden space 105984K, 0% used [0x000000078b300000,0x000000078b300000,0x0000000791a80000)
  from space 11264K, 90% used [0x0000000791a80000,0x0000000792481ff0,0x0000000792580000)
  to   space 12288K, 0% used [0x0000000795200000,0x0000000795200000,0x0000000795e00000)
 ParOldGen       total 54272K, used 9546K [0x0000000721800000, 0x0000000724d00000, 0x000000078b300000)
  object space 54272K, 17% used [0x0000000721800000,0x0000000722152910,0x0000000724d00000)
 Metaspace       used 34436K, capacity 35464K, committed 35496K, reserved 1079296K
  class space    used 4751K, capacity 5018K, committed 5032K, reserved 1048576K
}
Event: 32.139 GC heap before
{Heap before GC invocations=11 (full 2):
 PSYoungGen      total 117248K, used 10247K [0x000000078b300000, 0x0000000795e00000, 0x00000007c0000000)
  eden space 105984K, 0% used [0x000000078b300000,0x000000078b300000,0x0000000791a80000)
  from space 11264K, 90% used [0x0000000791a80000,0x0000000792481ff0,0x0000000792580000)
  to   space 12288K, 0% used [0x0000000795200000,0x0000000795200000,0x0000000795e00000)
 ParOldGen       total 54272K, used 9546K [0x0000000721800000, 0x0000000724d00000, 0x000000078b300000)
  object space 54272K, 17% used [0x0000000721800000,0x0000000722152910,0x0000000724d00000)
 Metaspace       used 34436K, capacity 35464K, committed 35496K, reserved 1079296K
  class space    used 4751K, capacity 5018K, committed 5032K, reserved 1048576K
Event: 32.309 GC heap after
Heap after GC invocations=11 (full 2):
 PSYoungGen      total 117248K, used 0K [0x000000078b300000, 0x0000000795e00000, 0x00000007c0000000)
  eden space 105984K, 0% used [0x000000078b300000,0x000000078b300000,0x0000000791a80000)
  from space 11264K, 0% used [0x0000000791a80000,0x0000000791a80000,0x0000000792580000)
  to   space 12288K, 0% used [0x0000000795200000,0x0000000795200000,0x0000000795e00000)
 ParOldGen       total 80896K, used 17609K [0x0000000721800000, 0x0000000726700000, 0x000000078b300000)
  object space 80896K, 21% used [0x0000000721800000,0x0000000722932508,0x0000000726700000)
 Metaspace       used 34436K, capacity 35464K, committed 35496K, reserved 1079296K
  class space    used 4751K, capacity 5018K, committed 5032K, reserved 1048576K
}
Event: 36.346 GC heap before
{Heap before GC invocations=12 (full 2):
 PSYoungGen      total 117248K, used 105984K [0x000000078b300000, 0x0000000795e00000, 0x00000007c0000000)
  eden space 105984K, 100% used [0x000000078b300000,0x0000000791a80000,0x0000000791a80000)
  from space 11264K, 0% used [0x0000000791a80000,0x0000000791a80000,0x0000000792580000)
  to   space 12288K, 0% used [0x0000000795200000,0x0000000795200000,0x0000000795e00000)
 ParOldGen       total 80896K, used 17609K [0x0000000721800000, 0x0000000726700000, 0x000000078b300000)
  object space 80896K, 21% used [0x0000000721800000,0x0000000722932508,0x0000000726700000)
 Metaspace       used 44100K, capacity 45470K, committed 45864K, reserved 1089536K
  class space    used 5969K, capacity 6318K, committed 6440K, reserved 1048576K
Event: 36.387 GC heap after
Heap after GC invocations=12 (full 2):
 PSYoungGen      total 150528K, used 12273K [0x000000078b300000, 0x0000000795e00000, 0x00000007c0000000)
  eden space 138240K, 0% used [0x000000078b300000,0x000000078b300000,0x0000000793a00000)
  from space 12288K, 99% used [0x0000000795200000,0x0000000795dfc498,0x0000000795e00000)
  to   space 14336K, 0% used [0x0000000794200000,0x0000000794200000,0x0000000795000000)
 ParOldGen       total 80896K, used 19486K [0x0000000721800000, 0x0000000726700000, 0x000000078b300000)
  object space 80896K, 24% used [0x0000000721800000,0x0000000722b07ba0,0x0000000726700000)
 Metaspace       used 44100K, capacity 45470K, committed 45864K, reserved 1089536K
  class space    used 5969K, capacity 6318K, committed 6440K, reserved 1048576K
}
Event: 40.998 GC heap before
{Heap before GC invocations=13 (full 2):
 PSYoungGen      total 150528K, used 150513K [0x000000078b300000, 0x0000000795e00000, 0x00000007c0000000)
  eden space 138240K, 100% used [0x000000078b300000,0x0000000793a00000,0x0000000793a00000)
  from space 12288K, 99% used [0x0000000795200000,0x0000000795dfc498,0x0000000795e00000)
  to   space 14336K, 0% used [0x0000000794200000,0x0000000794200000,0x0000000795000000)
 ParOldGen       total 80896K, used 19486K [0x0000000721800000, 0x0000000726700000, 0x000000078b300000)
  object space 80896K, 24% used [0x0000000721800000,0x0000000722b07ba0,0x0000000726700000)
 Metaspace       used 51499K, capacity 53422K, committed 53544K, reserved 1095680K
  class space    used 6942K, capacity 7418K, committed 7464K, reserved 1048576K
Event: 41.034 GC heap after
Heap after GC invocations=13 (full 2):
 PSYoungGen      total 160768K, used 14313K [0x000000078b300000, 0x0000000798580000, 0x00000007c0000000)
  eden space 146432K, 0% used [0x000000078b300000,0x000000078b300000,0x0000000794200000)
  from space 14336K, 99% used [0x0000000794200000,0x0000000794ffa7c0,0x0000000795000000)
  to   space 19456K, 0% used [0x0000000797280000,0x0000000797280000,0x0000000798580000)
 ParOldGen       total 80896K, used 29822K [0x0000000721800000, 0x0000000726700000, 0x000000078b300000)
  object space 80896K, 36% used [0x0000000721800000,0x000000072351f840,0x0000000726700000)
 Metaspace       used 51499K, capacity 53422K, committed 53544K, reserved 1095680K
  class space    used 6942K, capacity 7418K, committed 7464K, reserved 1048576K
}

