# JRE version: OpenJDK Runtime Environment (8.0_202-b03) (build 1.8.0_202-release-1483-b03)
# Java VM: OpenJDK 64-Bit Server VM (25.202-b03 mixed mode windows-amd64 compressed oops)
Heap:
 PSYoungGen      total 46592K, used 28820K [0x00000000e0000000, 0x00000000e4400000, 0x0000000100000000)
  eden space 36352K, 52% used [0x00000000e0000000,0x00000000e12a27e0,0x00000000e2380000)
  from space 10240K, 95% used [0x00000000e2380000,0x00000000e2d02828,0x00000000e2d80000)
  to   space 11776K, 0% used [0x00000000e3880000,0x00000000e3880000,0x00000000e4400000)
 ParOldGen       total 68608K, used 17162K [0x00000000a0000000, 0x00000000a4300000, 0x00000000e0000000)
  object space 68608K, 25% used [0x00000000a0000000,0x00000000a10c2830,0x00000000a4300000)
 Metaspace       used 46211K, capacity 47648K, committed 47784K, reserved 1091584K
  class space    used 6134K, capacity 6487K, committed 6568K, reserved 1048576K
GC Heap History (10 events):
Event: 90.809 GC heap before
{Heap before GC invocations=13 (full 1):
 PSYoungGen      total 38912K, used 28197K [0x00000000e0000000, 0x00000000e3000000, 0x0000000100000000)
  eden space 28672K, 89% used [0x00000000e0000000,0x00000000e18f0998,0x00000000e1c00000)
  from space 10240K, 25% used [0x00000000e1c00000,0x00000000e1e98e18,0x00000000e2600000)
  to   space 9728K, 0% used [0x00000000e2680000,0x00000000e2680000,0x00000000e3000000)
 ParOldGen       total 45568K, used 15383K [0x00000000a0000000, 0x00000000a2c80000, 0x00000000e0000000)
  object space 45568K, 33% used [0x00000000a0000000,0x00000000a0f05f48,0x00000000a2c80000)
 Metaspace       used 34431K, capacity 35454K, committed 35496K, reserved 1079296K
  class space    used 4754K, capacity 5019K, committed 5032K, reserved 1048576K
Event: 90.815 GC heap after
Heap after GC invocations=13 (full 1):
 PSYoungGen      total 38400K, used 2333K [0x00000000e0000000, 0x00000000e4000000, 0x0000000100000000)
  eden space 28672K, 0% used [0x00000000e0000000,0x00000000e0000000,0x00000000e1c00000)
  from space 9728K, 23% used [0x00000000e2680000,0x00000000e28c7438,0x00000000e3000000)
  to   space 10752K, 0% used [0x00000000e1c00000,0x00000000e1c00000,0x00000000e2680000)
 ParOldGen       total 45568K, used 17027K [0x00000000a0000000, 0x00000000a2c80000, 0x00000000e0000000)
  object space 45568K, 37% used [0x00000000a0000000,0x00000000a10a0f78,0x00000000a2c80000)
 Metaspace       used 34431K, capacity 35454K, committed 35496K, reserved 1079296K
  class space    used 4754K, capacity 5019K, committed 5032K, reserved 1048576K
}
Event: 90.816 GC heap before
{Heap before GC invocations=14 (full 2):
 PSYoungGen      total 38400K, used 2333K [0x00000000e0000000, 0x00000000e4000000, 0x0000000100000000)
  eden space 28672K, 0% used [0x00000000e0000000,0x00000000e0000000,0x00000000e1c00000)
  from space 9728K, 23% used [0x00000000e2680000,0x00000000e28c7438,0x00000000e3000000)
  to   space 10752K, 0% used [0x00000000e1c00000,0x00000000e1c00000,0x00000000e2680000)
 ParOldGen       total 45568K, used 17027K [0x00000000a0000000, 0x00000000a2c80000, 0x00000000e0000000)
  object space 45568K, 37% used [0x00000000a0000000,0x00000000a10a0f78,0x00000000a2c80000)
 Metaspace       used 34431K, capacity 35454K, committed 35496K, reserved 1079296K
  class space    used 4754K, capacity 5019K, committed 5032K, reserved 1048576K
Event: 90.944 GC heap after
Heap after GC invocations=14 (full 2):
 PSYoungGen      total 38400K, used 0K [0x00000000e0000000, 0x00000000e4000000, 0x0000000100000000)
  eden space 28672K, 0% used [0x00000000e0000000,0x00000000e0000000,0x00000000e1c00000)
  from space 9728K, 0% used [0x00000000e2680000,0x00000000e2680000,0x00000000e3000000)
  to   space 10752K, 0% used [0x00000000e1c00000,0x00000000e1c00000,0x00000000e2680000)
 ParOldGen       total 68608K, used 17138K [0x00000000a0000000, 0x00000000a4300000, 0x00000000e0000000)
  object space 68608K, 24% used [0x00000000a0000000,0x00000000a10bc830,0x00000000a4300000)
 Metaspace       used 34431K, capacity 35454K, committed 35496K, reserved 1079296K
  class space    used 4754K, capacity 5019K, committed 5032K, reserved 1048576K
}
Event: 96.956 GC heap before
{Heap before GC invocations=15 (full 2):
 PSYoungGen      total 38400K, used 28672K [0x00000000e0000000, 0x00000000e4000000, 0x0000000100000000)
  eden space 28672K, 100% used [0x00000000e0000000,0x00000000e1c00000,0x00000000e1c00000)
  from space 9728K, 0% used [0x00000000e2680000,0x00000000e2680000,0x00000000e3000000)
  to   space 10752K, 0% used [0x00000000e1c00000,0x00000000e1c00000,0x00000000e2680000)
 ParOldGen       total 68608K, used 17138K [0x00000000a0000000, 0x00000000a4300000, 0x00000000e0000000)
  object space 68608K, 24% used [0x00000000a0000000,0x00000000a10bc830,0x00000000a4300000)
 Metaspace       used 35630K, capacity 36788K, committed 37032K, reserved 1081344K
  class space    used 4913K, capacity 5206K, committed 5288K, reserved 1048576K
Event: 96.964 GC heap after
Heap after GC invocations=15 (full 2):
 PSYoungGen      total 39424K, used 4182K [0x00000000e0000000, 0x00000000e3800000, 0x0000000100000000)
  eden space 28672K, 0% used [0x00000000e0000000,0x00000000e0000000,0x00000000e1c00000)
  from space 10752K, 38% used [0x00000000e1c00000,0x00000000e2015bb0,0x00000000e2680000)
  to   space 10240K, 0% used [0x00000000e2e00000,0x00000000e2e00000,0x00000000e3800000)
 ParOldGen       total 68608K, used 17146K [0x00000000a0000000, 0x00000000a4300000, 0x00000000e0000000)
  object space 68608K, 24% used [0x00000000a0000000,0x00000000a10be830,0x00000000a4300000)
 Metaspace       used 35630K, capacity 36788K, committed 37032K, reserved 1081344K
  class space    used 4913K, capacity 5206K, committed 5288K, reserved 1048576K
}
Event: 98.479 GC heap before
{Heap before GC invocations=16 (full 2):
 PSYoungGen      total 39424K, used 32854K [0x00000000e0000000, 0x00000000e3800000, 0x0000000100000000)
  eden space 28672K, 100% used [0x00000000e0000000,0x00000000e1c00000,0x00000000e1c00000)
  from space 10752K, 38% used [0x00000000e1c00000,0x00000000e2015bb0,0x00000000e2680000)
  to   space 10240K, 0% used [0x00000000e2e00000,0x00000000e2e00000,0x00000000e3800000)
 ParOldGen       total 68608K, used 17146K [0x00000000a0000000, 0x00000000a4300000, 0x00000000e0000000)
  object space 68608K, 24% used [0x00000000a0000000,0x00000000a10be830,0x00000000a4300000)
 Metaspace       used 38984K, capacity 40358K, committed 40488K, reserved 1083392K
  class space    used 5227K, capacity 5583K, committed 5672K, reserved 1048576K
Event: 98.489 GC heap after
Heap after GC invocations=16 (full 2):
 PSYoungGen      total 46080K, used 6899K [0x00000000e0000000, 0x00000000e3780000, 0x0000000100000000)
  eden space 36352K, 0% used [0x00000000e0000000,0x00000000e0000000,0x00000000e2380000)
  from space 9728K, 70% used [0x00000000e2e00000,0x00000000e34bccd0,0x00000000e3780000)
  to   space 10240K, 0% used [0x00000000e2380000,0x00000000e2380000,0x00000000e2d80000)
 ParOldGen       total 68608K, used 17154K [0x00000000a0000000, 0x00000000a4300000, 0x00000000e0000000)
  object space 68608K, 25% used [0x00000000a0000000,0x00000000a10c0830,0x00000000a4300000)
 Metaspace       used 38984K, capacity 40358K, committed 40488K, reserved 1083392K
  class space    used 5227K, capacity 5583K, committed 5672K, reserved 1048576K
}
Event: 100.689 GC heap before
{Heap before GC invocations=17 (full 2):
 PSYoungGen      total 46080K, used 43251K [0x00000000e0000000, 0x00000000e3780000, 0x0000000100000000)
  eden space 36352K, 100% used [0x00000000e0000000,0x00000000e2380000,0x00000000e2380000)
  from space 9728K, 70% used [0x00000000e2e00000,0x00000000e34bccd0,0x00000000e3780000)
  to   space 10240K, 0% used [0x00000000e2380000,0x00000000e2380000,0x00000000e2d80000)
 ParOldGen       total 68608K, used 17154K [0x00000000a0000000, 0x00000000a4300000, 0x00000000e0000000)
  object space 68608K, 25% used [0x00000000a0000000,0x00000000a10c0830,0x00000000a4300000)
 Metaspace       used 44569K, capacity 45998K, committed 46248K, reserved 1089536K
  class space    used 5909K, capacity 6244K, committed 6312K, reserved 1048576K
Event: 100.702 GC heap after
Heap after GC invocations=17 (full 2):
 PSYoungGen      total 46592K, used 9738K [0x00000000e0000000, 0x00000000e4400000, 0x0000000100000000)
  eden space 36352K, 0% used [0x00000000e0000000,0x00000000e0000000,0x00000000e2380000)
  from space 10240K, 95% used [0x00000000e2380000,0x00000000e2d02828,0x00000000e2d80000)
  to   space 11776K, 0% used [0x00000000e3880000,0x00000000e3880000,0x00000000e4400000)
 ParOldGen       total 68608K, used 17162K [0x00000000a0000000, 0x00000000a4300000, 0x00000000e0000000)
  object space 68608K, 25% used [0x00000000a0000000,0x00000000a10c2830,0x00000000a4300000)
 Metaspace       used 44569K, capacity 45998K, committed 46248K, reserved 1089536K
  class space    used 5909K, capacity 6244K, committed 6312K, reserved 1048576K
}

