# JRE version: OpenJDK Runtime Environment (8.0_202-b03) (build 1.8.0_202-release-1483-b03)
# Java VM: OpenJDK 64-Bit Server VM (25.202-b03 mixed mode windows-amd64 compressed oops)
Heap:
 PSYoungGen      total 203776K, used 53197K [0x000000078b300000, 0x0000000798f00000, 0x00000007c0000000)
  eden space 186368K, 28% used [0x000000078b300000,0x000000078e6f35d8,0x0000000796900000)
  from space 17408K, 0% used [0x0000000797b00000,0x0000000797b00000,0x0000000798c00000)
  to   space 18432K, 0% used [0x0000000796900000,0x0000000796900000,0x0000000797b00000)
 ParOldGen       total 65536K, used 44094K [0x0000000721800000, 0x0000000725800000, 0x000000078b300000)
  object space 65536K, 67% used [0x0000000721800000,0x000000072430fb50,0x0000000725800000)
 Metaspace       used 58784K, capacity 61082K, committed 61440K, reserved 1101824K
  class space    used 8023K, capacity 8594K, committed 8704K, reserved 1048576K
GC Heap History (10 events):
Event: 29.769 GC heap before
{Heap before GC invocations=13 (full 2):
 PSYoungGen      total 91648K, used 224K [0x000000078b300000, 0x0000000794700000, 0x00000007c0000000)
  eden space 80384K, 0% used [0x000000078b300000,0x000000078b300000,0x0000000790180000)
  from space 11264K, 1% used [0x0000000790180000,0x00000007901b8000,0x0000000790c80000)
  to   space 11776K, 0% used [0x0000000793b80000,0x0000000793b80000,0x0000000794700000)
 ParOldGen       total 53760K, used 17833K [0x0000000721800000, 0x0000000724c80000, 0x000000078b300000)
  object space 53760K, 33% used [0x0000000721800000,0x000000072296a558,0x0000000724c80000)
 Metaspace       used 34394K, capacity 35432K, committed 35456K, reserved 1079296K
  class space    used 4752K, capacity 4986K, committed 4992K, reserved 1048576K
Event: 29.907 GC heap after
Heap after GC invocations=13 (full 2):
 PSYoungGen      total 91648K, used 0K [0x000000078b300000, 0x0000000794700000, 0x00000007c0000000)
  eden space 80384K, 0% used [0x000000078b300000,0x000000078b300000,0x0000000790180000)
  from space 11264K, 0% used [0x0000000790180000,0x0000000790180000,0x0000000790c80000)
  to   space 11776K, 0% used [0x0000000793b80000,0x0000000793b80000,0x0000000794700000)
 ParOldGen       total 65536K, used 15916K [0x0000000721800000, 0x0000000725800000, 0x000000078b300000)
  object space 65536K, 24% used [0x0000000721800000,0x000000072278b338,0x0000000725800000)
 Metaspace       used 34394K, capacity 35432K, committed 35456K, reserved 1079296K
  class space    used 4752K, capacity 4986K, committed 4992K, reserved 1048576K
}
Event: 34.786 GC heap before
{Heap before GC invocations=14 (full 2):
 PSYoungGen      total 91648K, used 80384K [0x000000078b300000, 0x0000000794700000, 0x00000007c0000000)
  eden space 80384K, 100% used [0x000000078b300000,0x0000000790180000,0x0000000790180000)
  from space 11264K, 0% used [0x0000000790180000,0x0000000790180000,0x0000000790c80000)
  to   space 11776K, 0% used [0x0000000793b80000,0x0000000793b80000,0x0000000794700000)
 ParOldGen       total 65536K, used 15916K [0x0000000721800000, 0x0000000725800000, 0x000000078b300000)
  object space 65536K, 24% used [0x0000000721800000,0x000000072278b338,0x0000000725800000)
 Metaspace       used 42290K, capacity 43616K, committed 43776K, reserved 1087488K
  class space    used 5749K, capacity 6089K, committed 6144K, reserved 1048576K
Event: 34.807 GC heap after
Heap after GC invocations=14 (full 2):
 PSYoungGen      total 134656K, used 10764K [0x000000078b300000, 0x0000000794680000, 0x00000007c0000000)
  eden space 123392K, 0% used [0x000000078b300000,0x000000078b300000,0x0000000792b80000)
  from space 11264K, 95% used [0x0000000793b80000,0x00000007946031e8,0x0000000794680000)
  to   space 12800K, 0% used [0x0000000792d80000,0x0000000792d80000,0x0000000793a00000)
 ParOldGen       total 65536K, used 15924K [0x0000000721800000, 0x0000000725800000, 0x000000078b300000)
  object space 65536K, 24% used [0x0000000721800000,0x000000072278d338,0x0000000725800000)
 Metaspace       used 42290K, capacity 43616K, committed 43776K, reserved 1087488K
  class space    used 5749K, capacity 6089K, committed 6144K, reserved 1048576K
}
Event: 37.986 GC heap before
{Heap before GC invocations=15 (full 2):
 PSYoungGen      total 134656K, used 134156K [0x000000078b300000, 0x0000000794680000, 0x00000007c0000000)
  eden space 123392K, 100% used [0x000000078b300000,0x0000000792b80000,0x0000000792b80000)
  from space 11264K, 95% used [0x0000000793b80000,0x00000007946031e8,0x0000000794680000)
  to   space 12800K, 0% used [0x0000000792d80000,0x0000000792d80000,0x0000000793a00000)
 ParOldGen       total 65536K, used 15924K [0x0000000721800000, 0x0000000725800000, 0x000000078b300000)
  object space 65536K, 24% used [0x0000000721800000,0x000000072278d338,0x0000000725800000)
 Metaspace       used 47450K, capacity 49068K, committed 49152K, reserved 1091584K
  class space    used 6398K, capacity 6851K, committed 6912K, reserved 1048576K
Event: 38.085 GC heap after
Heap after GC invocations=15 (full 2):
 PSYoungGen      total 138240K, used 12790K [0x000000078b300000, 0x0000000798c00000, 0x00000007c0000000)
  eden space 125440K, 0% used [0x000000078b300000,0x000000078b300000,0x0000000792d80000)
  from space 12800K, 99% used [0x0000000792d80000,0x00000007939fd9b8,0x0000000793a00000)
  to   space 17408K, 0% used [0x0000000797b00000,0x0000000797b00000,0x0000000798c00000)
 ParOldGen       total 65536K, used 23362K [0x0000000721800000, 0x0000000725800000, 0x000000078b300000)
  object space 65536K, 35% used [0x0000000721800000,0x0000000722ed0800,0x0000000725800000)
 Metaspace       used 47450K, capacity 49068K, committed 49152K, reserved 1091584K
  class space    used 6398K, capacity 6851K, committed 6912K, reserved 1048576K
}
Event: 43.257 GC heap before
{Heap before GC invocations=16 (full 2):
 PSYoungGen      total 138240K, used 133376K [0x000000078b300000, 0x0000000798c00000, 0x00000007c0000000)
  eden space 125440K, 96% used [0x000000078b300000,0x00000007928c2930,0x0000000792d80000)
  from space 12800K, 99% used [0x0000000792d80000,0x00000007939fd9b8,0x0000000793a00000)
  to   space 17408K, 0% used [0x0000000797b00000,0x0000000797b00000,0x0000000798c00000)
 ParOldGen       total 65536K, used 23362K [0x0000000721800000, 0x0000000725800000, 0x000000078b300000)
  object space 65536K, 35% used [0x0000000721800000,0x0000000722ed0800,0x0000000725800000)
 Metaspace       used 56748K, capacity 58986K, committed 59096K, reserved 1099776K
  class space    used 7722K, capacity 8261K, committed 8320K, reserved 1048576K
Event: 43.351 GC heap after
Heap after GC invocations=16 (full 2):
 PSYoungGen      total 203776K, used 12847K [0x000000078b300000, 0x0000000798f00000, 0x00000007c0000000)
  eden space 186368K, 0% used [0x000000078b300000,0x000000078b300000,0x0000000796900000)
  from space 17408K, 73% used [0x0000000797b00000,0x000000079878bf08,0x0000000798c00000)
  to   space 18432K, 0% used [0x0000000796900000,0x0000000796900000,0x0000000797b00000)
 ParOldGen       total 65536K, used 35547K [0x0000000721800000, 0x0000000725800000, 0x000000078b300000)
  object space 65536K, 54% used [0x0000000721800000,0x0000000723ab6c70,0x0000000725800000)
 Metaspace       used 56748K, capacity 58986K, committed 59096K, reserved 1099776K
  class space    used 7722K, capacity 8261K, committed 8320K, reserved 1048576K
}
Event: 43.351 GC heap before
{Heap before GC invocations=17 (full 3):
 PSYoungGen      total 203776K, used 12847K [0x000000078b300000, 0x0000000798f00000, 0x00000007c0000000)
  eden space 186368K, 0% used [0x000000078b300000,0x000000078b300000,0x0000000796900000)
  from space 17408K, 73% used [0x0000000797b00000,0x000000079878bf08,0x0000000798c00000)
  to   space 18432K, 0% used [0x0000000796900000,0x0000000796900000,0x0000000797b00000)
 ParOldGen       total 65536K, used 35547K [0x0000000721800000, 0x0000000725800000, 0x000000078b300000)
  object space 65536K, 54% used [0x0000000721800000,0x0000000723ab6c70,0x0000000725800000)
 Metaspace       used 56748K, capacity 58986K, committed 59096K, reserved 1099776K
  class space    used 7722K, capacity 8261K, committed 8320K, reserved 1048576K
Event: 43.860 GC heap after
Heap after GC invocations=17 (full 3):
 PSYoungGen      total 203776K, used 0K [0x000000078b300000, 0x0000000798f00000, 0x00000007c0000000)
  eden space 186368K, 0% used [0x000000078b300000,0x000000078b300000,0x0000000796900000)
  from space 17408K, 0% used [0x0000000797b00000,0x0000000797b00000,0x0000000798c00000)
  to   space 18432K, 0% used [0x0000000796900000,0x0000000796900000,0x0000000797b00000)
 ParOldGen       total 65536K, used 44094K [0x0000000721800000, 0x0000000725800000, 0x000000078b300000)
  object space 65536K, 67% used [0x0000000721800000,0x000000072430fb50,0x0000000725800000)
 Metaspace       used 56748K, capacity 58986K, committed 59096K, reserved 1099776K
  class space    used 7722K, capacity 8261K, committed 8320K, reserved 1048576K
}

